<?xml version="1.0" encoding="UTF-8"?>
<testsuite xmlns:xsi="http://www.w3.org/2001/XMLSchema-instance" xsi:noNamespaceSchemaLocation="https://maven.apache.org/surefire/maven-surefire-plugin/xsd/surefire-test-report.xsd" name="com.example.AppTest" time="0.019" tests="22" errors="0" skipped="0" failures="0">
  <properties>
    <property name="java.specification.version" value="17"/>
    <property name="sun.cpu.isalist" value="amd64"/>
    <property name="sun.jnu.encoding" value="Cp1251"/>
    <property name="java.class.path" value="D:\4year\javaTests\lab3\lab3\target\test-classes;D:\4year\javaTests\lab3\lab3\target\classes;C:\Users\rostd\.m2\repository\junit\junit\4.11\junit-4.11.jar;C:\Users\rostd\.m2\repository\org\hamcrest\hamcrest-core\1.3\hamcrest-core-1.3.jar;C:\Users\rostd\.m2\repository\org\junit\jupiter\junit-jupiter-api\5.7.0\junit-jupiter-api-5.7.0.jar;C:\Users\rostd\.m2\repository\org\apiguardian\apiguardian-api\1.1.0\apiguardian-api-1.1.0.jar;C:\Users\rostd\.m2\repository\org\opentest4j\opentest4j\1.2.0\opentest4j-1.2.0.jar;C:\Users\rostd\.m2\repository\org\junit\platform\junit-platform-commons\1.7.0\junit-platform-commons-1.7.0.jar;C:\Users\rostd\.m2\repository\org\junit\jupiter\junit-jupiter-engine\5.7.0\junit-jupiter-engine-5.7.0.jar;C:\Users\rostd\.m2\repository\org\junit\platform\junit-platform-engine\1.7.0\junit-platform-engine-1.7.0.jar;"/>
    <property name="java.vm.vendor" value="Eclipse Adoptium"/>
    <property name="sun.arch.data.model" value="64"/>
    <property name="user.variant" value=""/>
    <property name="java.vendor.url" value="https://adoptium.net/"/>
    <property name="user.timezone" value="Europe/Kiev"/>
    <property name="os.name" value="Windows 11"/>
    <property name="java.vm.specification.version" value="17"/>
    <property name="sun.java.launcher" value="SUN_STANDARD"/>
    <property name="user.country" value="UA"/>
    <property name="sun.boot.library.path" value="C:\Program Files\Eclipse Adoptium\jdk-17.0.13.11-hotspot\bin"/>
    <property name="sun.java.command" value="C:\Users\rostd\AppData\Local\Temp\surefire14084774776771772783\surefirebooter16729504367428935204.jar C:\Users\rostd\AppData\Local\Temp\surefire14084774776771772783 2024-10-23T23-30-31_395-jvmRun1 surefire8140838631806400855tmp surefire_04259142216739406668tmp"/>
    <property name="jdk.debug" value="release"/>
    <property name="surefire.test.class.path" value="D:\4year\javaTests\lab3\lab3\target\test-classes;D:\4year\javaTests\lab3\lab3\target\classes;C:\Users\rostd\.m2\repository\junit\junit\4.11\junit-4.11.jar;C:\Users\rostd\.m2\repository\org\hamcrest\hamcrest-core\1.3\hamcrest-core-1.3.jar;C:\Users\rostd\.m2\repository\org\junit\jupiter\junit-jupiter-api\5.7.0\junit-jupiter-api-5.7.0.jar;C:\Users\rostd\.m2\repository\org\apiguardian\apiguardian-api\1.1.0\apiguardian-api-1.1.0.jar;C:\Users\rostd\.m2\repository\org\opentest4j\opentest4j\1.2.0\opentest4j-1.2.0.jar;C:\Users\rostd\.m2\repository\org\junit\platform\junit-platform-commons\1.7.0\junit-platform-commons-1.7.0.jar;C:\Users\rostd\.m2\repository\org\junit\jupiter\junit-jupiter-engine\5.7.0\junit-jupiter-engine-5.7.0.jar;C:\Users\rostd\.m2\repository\org\junit\platform\junit-platform-engine\1.7.0\junit-platform-engine-1.7.0.jar;"/>
    <property name="sun.cpu.endian" value="little"/>
    <property name="user.home" value="C:\Users\rostd"/>
    <property name="user.language" value="uk"/>
    <property name="java.specification.vendor" value="Oracle Corporation"/>
    <property name="java.version.date" value="2024-10-15"/>
    <property name="java.home" value="C:\Program Files\Eclipse Adoptium\jdk-17.0.13.11-hotspot"/>
    <property name="file.separator" value="\"/>
    <property name="basedir" value="D:\4year\javaTests\lab3\lab3"/>
    <property name="java.vm.compressedOopsMode" value="Zero based"/>
    <property name="line.separator" value="&#10;"/>
    <property name="java.vm.specification.vendor" value="Oracle Corporation"/>
    <property name="java.specification.name" value="Java Platform API Specification"/>
    <property name="surefire.real.class.path" value="C:\Users\rostd\AppData\Local\Temp\surefire14084774776771772783\surefirebooter16729504367428935204.jar"/>
    <property name="user.script" value=""/>
    <property name="sun.management.compiler" value="HotSpot 64-Bit Tiered Compilers"/>
    <property name="java.runtime.version" value="17.0.13+11"/>
    <property name="user.name" value="rostd"/>
    <property name="path.separator" value=";"/>
    <property name="os.version" value="10.0"/>
    <property name="java.runtime.name" value="OpenJDK Runtime Environment"/>
    <property name="file.encoding" value="Cp1251"/>
    <property name="java.vm.name" value="OpenJDK 64-Bit Server VM"/>
    <property name="java.vendor.version" value="Temurin-17.0.13+11"/>
    <property name="localRepository" value="C:\Users\rostd\.m2\repository"/>
    <property name="java.vendor.url.bug" value="https://github.com/adoptium/adoptium-support/issues"/>
    <property name="java.io.tmpdir" value="C:\Users\rostd\AppData\Local\Temp\"/>
    <property name="java.version" value="17.0.13"/>
    <property name="user.dir" value="D:\4year\javaTests\lab3\lab3"/>
    <property name="os.arch" value="amd64"/>
    <property name="java.vm.specification.name" value="Java Virtual Machine Specification"/>
    <property name="sun.os.patch.level" value=""/>
    <property name="native.encoding" value="Cp1251"/>
    <property name="java.library.path" value="C:\Program Files\Eclipse Adoptium\jdk-17.0.13.11-hotspot\bin;C:\WINDOWS\Sun\Java\bin;C:\WINDOWS\system32;C:\WINDOWS;C:\Program Files\Eclipse Adoptium\jdk-17.0.13.11-hotspot\bin;C:\Program Files (x86)\Common Files\Oracle\Java\java8path;C:\Program Files (x86)\Common Files\Oracle\Java\javapath;C:\Program Files (x86)\Razer Chroma SDK\bin;C:\Program Files\Razer Chroma SDK\bin;C:\Program Files (x86)\Razer\ChromaBroadcast\bin;C:\Program Files\Razer\ChromaBroadcast\bin;C:\Program Files\Microsoft MPI\Bin\;C:\WINDOWS\system32;C:\WINDOWS;C:\WINDOWS\System32\Wbem;C:\WINDOWS\System32\WindowsPowerShell\v1.0\;C:\WINDOWS\System32\OpenSSH\;C:\Program Files\dotnet\;C:\Program Files (x86)\NVIDIA Corporation\PhysX\Common;C:\Program Files\NVIDIA Corporation\NVIDIA NvDLISR;C:\Program Files\Microsoft SQL Server\150\Tools\Binn\;C:\Program Files\Microsoft SQL Server\Client SDK\ODBC\170\Tools\Binn\;C:\Program Files (x86)\Windows Kits\10\Windows Performance Toolkit\;C:\Program Files\Docker\Docker\resources\bin;C:\Program Files (x86)\Microsoft SQL Server\160\Tools\Binn\;C:\Program Files\Microsoft SQL Server\160\Tools\Binn\;C:\Program Files\Microsoft SQL Server\160\DTS\Binn\;C:\Program Files (x86)\Microsoft SQL Server\160\DTS\Binn\;C:\Program Files\nodejs\;C:\Program Files\Git\cmd;C:\WINDOWS\system32\config\systemprofile\AppData\Local\Microsoft\WindowsApps;C:\Users\rostd\AppData\Local\Microsoft\WindowsApps;C:\Users\rostd\.dotnet\tools;C:\Users\rostd\AppData\Roaming\npm;C:\Users\rostd\AppData\Local\Programs\Microsoft VS Code\bin;D:\php\phpmain;C:\Users\rostd\OneDrive\Desktop\apache-maven-3.9.9\bin;C:\Users\rostd\AppData\Local\Microsoft\WindowsApps;C:\Users\rostd\.dotnet\tools;C:\Users\rostd\AppData\Roaming\npm;C:\Users\rostd\AppData\Local\Programs\Microsoft VS Code\bin;D:\python\PyCharm 2024.2.3\bin;;C:\Users\rostd\AppData\Local\GitHubDesktop\bin;."/>
    <property name="java.vm.info" value="mixed mode, sharing"/>
    <property name="java.vendor" value="Eclipse Adoptium"/>
    <property name="java.vm.version" value="17.0.13+11"/>
    <property name="java.specification.maintenance.version" value="1"/>
    <property name="sun.io.unicode.encoding" value="UnicodeLittle"/>
    <property name="java.class.version" value="61.0"/>
  </properties>
  <testcase name="testEmployeeCountWithNoCompanies" classname="com.example.AppTest" time="0.009"/>
  <testcase name="testTopLevelParentWithDeepHierarchy" classname="com.example.AppTest" time="0"/>
  <testcase name="testEmployeeCountForSingleCompany" classname="com.example.AppTest" time="0.001"/>
  <testcase name="testTopLevelParentWithParent" classname="com.example.AppTest" time="0"/>
  <testcase name="testEmployeeCountWithDeepHierarchy" classname="com.example.AppTest" time="0"/>
  <testcase name="testTopLevelParentWithNullParent" classname="com.example.AppTest" time="0"/>
  <testcase name="testEmployeeCountWithCyclicReference" classname="com.example.AppTest" time="0"/>
  <testcase name="testEmployeeCountWithUnrelatedCompanies" classname="com.example.AppTest" time="0"/>
  <testcase name="testEmployeeCountWithMultipleChildren" classname="com.example.AppTest" time="0"/>
  <testcase name="testTopLevelParentForNullCompany" classname="com.example.AppTest" time="0"/>
  <testcase name="testEmployeeCountForGrandChildren" classname="com.example.AppTest" time="0"/>
  <testcase name="testTopLevelParentForSingleCompany" classname="com.example.AppTest" time="0"/>
  <testcase name="testEmployeeCountWithNullCompany" classname="com.example.AppTest" time="0"/>
  <testcase name="testEmployeeCountWithEmptyCompanyList" classname="com.example.AppTest" time="0.001"/>
  <testcase name="testEmployeeCountWithNoChildren" classname="com.example.AppTest" time="0"/>
  <testcase name="testTopLevelParentForNestedCompany" classname="com.example.AppTest" time="0"/>
  <testcase name="testEmployeeCountWithNestedChildren" classname="com.example.AppTest" time="0.001"/>
  <testcase name="testEmployeeCountWithDisconnectedHierarchy" classname="com.example.AppTest" time="0"/>
  <testcase name="testEmployeeCountWithOneChild" classname="com.example.AppTest" time="0"/>
  <testcase name="testTopLevelParentWithGrandChild" classname="com.example.AppTest" time="0"/>
  <testcase name="testEmployeeCountWithSelfReference" classname="com.example.AppTest" time="0"/>
  <testcase name="testEmployeeCountForNonChildCompany" classname="com.example.AppTest" time="0"/>
</testsuite>